Arguments: 
  /home/dg/.nvm/versions/node/v10.22.1/bin/node /usr/bin/yarn add chartjs

PATH: 
  /home/dg/.nvm/versions/node/v10.22.1/bin:/usr/local/sbin:/usr/local/bin:/usr/bin:/usr/lib/jvm/default/bin:/usr/local/go/bin:/home/dg/bin

Yarn version: 
  1.22.10

Node version: 
  10.22.1

Platform: 
  linux x64

Trace: 
  Error: getaddrinfo ENOTFOUND registry.yarnpkg.com registry.yarnpkg.com:443
      at GetAddrInfoReqWrap.onlookup [as oncomplete] (dns.js:56:26)

npm manifest: 
  {
    "name": "continuous-deterministic-models-modelling",
    "version": "1.0.0",
    "main": "index.js",
    "author": "Dmitry Gashko",
    "license": "MIT",
    "private": true,
    "dependencies": {
      "throttle-debounce": "^3.0.1"
    }
  }

yarn manifest: 
  No manifest

Lockfile: 
  # THIS IS AN AUTOGENERATED FILE. DO NOT EDIT THIS FILE DIRECTLY.
  # yarn lockfile v1
  
  
  throttle-debounce@^3.0.1:
    version "3.0.1"
    resolved "https://registry.yarnpkg.com/throttle-debounce/-/throttle-debounce-3.0.1.tgz#32f94d84dfa894f786c9a1f290e7a645b6a19abb"
    integrity sha512-dTEWWNu6JmeVXY0ZYoPuH5cRIwc0MeGbJwah9KUNYSJwommQpCzTySTpEe8Gs1J23aeWEuAobe4Ag7EHVt/LOg==
